This file contains any messages produced by compilers while
running configure, to aid debugging if configure makes a mistake.

It was created by gSTCISP configure 0.1, which was
generated by GNU Autoconf 2.61.  Invocation command line was

  $ ./configure 

## --------- ##
## Platform. ##
## --------- ##

hostname = AMD5400
uname -m = i686
uname -r = 2.6.26-2-686
uname -s = Linux
uname -v = #1 SMP Tue Mar 9 17:35:51 UTC 2010

/usr/bin/uname -p = unknown
/bin/uname -X     = unknown

/bin/arch              = unknown
/usr/bin/arch -k       = unknown
/usr/convex/getsysinfo = unknown
/usr/bin/hostinfo      = unknown
/bin/machine           = unknown
/usr/bin/oslevel       = unknown
/bin/universe          = unknown

PATH: /home/walnut/bin
PATH: /usr/local/bin
PATH: /usr/bin
PATH: /bin
PATH: /usr/games
PATH: /home/walnut/android_sdk/tools


## ----------- ##
## Core tests. ##
## ----------- ##

configure:1733: checking for a BSD-compatible install
configure:1789: result: /usr/bin/install -c
configure:1800: checking whether build environment is sane
configure:1843: result: yes
configure:1871: checking for a thread-safe mkdir -p
configure:1910: result: /bin/mkdir -p
configure:1923: checking for gawk
configure:1939: found /usr/bin/gawk
configure:1950: result: gawk
configure:1961: checking whether make sets $(MAKE)
configure:1982: result: yes
configure:2189: checking for style of include used by make
configure:2217: result: GNU
configure:2287: checking for gcc
configure:2303: found /usr/bin/gcc
configure:2314: result: gcc
configure:2552: checking for C compiler version
configure:2559: gcc --version >&5
gcc (Debian 4.3.2-1.1) 4.3.2
Copyright (C) 2008 Free Software Foundation, Inc.
This is free software; see the source for copying conditions.  There is NO
warranty; not even for MERCHANTABILITY or FITNESS FOR A PARTICULAR PURPOSE.

configure:2562: $? = 0
configure:2569: gcc -v >&5
Using built-in specs.
Target: i486-linux-gnu
Configured with: ../src/configure -v --with-pkgversion='Debian 4.3.2-1.1' --with-bugurl=file:///usr/share/doc/gcc-4.3/README.Bugs --enable-languages=c,c++,fortran,objc,obj-c++ --prefix=/usr --enable-shared --with-system-zlib --libexecdir=/usr/lib --without-included-gettext --enable-threads=posix --enable-nls --with-gxx-include-dir=/usr/include/c++/4.3 --program-suffix=-4.3 --enable-clocale=gnu --enable-libstdcxx-debug --enable-objc-gc --enable-mpfr --enable-targets=all --enable-cld --enable-checking=release --build=i486-linux-gnu --host=i486-linux-gnu --target=i486-linux-gnu
Thread model: posix
gcc version 4.3.2 (Debian 4.3.2-1.1) 
configure:2572: $? = 0
configure:2579: gcc -V >&5
gcc: '-V' option must have argument
configure:2582: $? = 1
configure:2605: checking for C compiler default output file name
configure:2632: gcc    conftest.c  >&5
configure:2635: $? = 0
configure:2673: result: a.out
configure:2690: checking whether the C compiler works
configure:2700: ./a.out
configure:2703: $? = 0
configure:2720: result: yes
configure:2727: checking whether we are cross compiling
configure:2729: result: no
configure:2732: checking for suffix of executables
configure:2739: gcc -o conftest    conftest.c  >&5
configure:2742: $? = 0
configure:2766: result: 
configure:2772: checking for suffix of object files
configure:2798: gcc -c   conftest.c >&5
configure:2801: $? = 0
configure:2824: result: o
configure:2828: checking whether we are using the GNU C compiler
configure:2857: gcc -c   conftest.c >&5
configure:2863: $? = 0
configure:2880: result: yes
configure:2885: checking whether gcc accepts -g
configure:2915: gcc -c -g  conftest.c >&5
configure:2921: $? = 0
configure:3020: result: yes
configure:3037: checking for gcc option to accept ISO C89
configure:3111: gcc  -c -g -O2  conftest.c >&5
configure:3117: $? = 0
configure:3140: result: none needed
configure:3160: checking dependency style of gcc
configure:3251: result: gcc3
configure:3267: checking whether gcc and cc understand -c and -o together
configure:3302: gcc -c conftest.c -o conftest2.o >&5
configure:3305: $? = 0
configure:3311: gcc -c conftest.c -o conftest2.o >&5
configure:3314: $? = 0
configure:3325: cc -c conftest.c >&5
configure:3328: $? = 0
configure:3336: cc -c conftest.c -o conftest2.o >&5
configure:3339: $? = 0
configure:3345: cc -c conftest.c -o conftest2.o >&5
configure:3348: $? = 0
configure:3366: result: yes
configure:3419: checking for pkg-config
configure:3437: found /usr/bin/pkg-config
configure:3450: result: /usr/bin/pkg-config
configure:3472: checking for GTK+ - version >= 2.0.0
configure:3592: gcc -o conftest -g -O2 -D_REENTRANT -I/usr/include/gtk-2.0 -I/usr/lib/gtk-2.0/include -I/usr/include/atk-1.0 -I/usr/include/cairo -I/usr/include/pango-1.0 -I/usr/include/glib-2.0 -I/usr/lib/glib-2.0/include -I/usr/include/freetype2 -I/usr/include/directfb -I/usr/include/libpng12 -I/usr/include/pixman-1     conftest.c -lgtk-x11-2.0 -lgdk-x11-2.0 -latk-1.0 -lgdk_pixbuf-2.0 -lm -lpangocairo-1.0 -lpango-1.0 -lcairo -lgobject-2.0 -lgmodule-2.0 -ldl -lglib-2.0    >&5
configure:3595: $? = 0
configure:3601: ./conftest
configure:3604: $? = 0
configure:3624: result: yes (version 2.12.12)
configure:3836: creating ./config.status

## ---------------------- ##
## Running config.status. ##
## ---------------------- ##

This file was extended by gSTCISP config.status 0.1, which was
generated by GNU Autoconf 2.61.  Invocation command line was

  CONFIG_FILES    = 
  CONFIG_HEADERS  = 
  CONFIG_LINKS    = 
  CONFIG_COMMANDS = 
  $ ./config.status 

on AMD5400

config.status:636: creating Makefile
config.status:636: creating src/Makefile
config.status:636: creating config.h
config.status:852: config.h is unchanged
config.status:899: executing depfiles commands

## ---------------- ##
## Cache variables. ##
## ---------------- ##

ac_cv_c_compiler_gnu=yes
ac_cv_env_CC_set=
ac_cv_env_CC_value=
ac_cv_env_CFLAGS_set=
ac_cv_env_CFLAGS_value=
ac_cv_env_CPPFLAGS_set=
ac_cv_env_CPPFLAGS_value=
ac_cv_env_LDFLAGS_set=
ac_cv_env_LDFLAGS_value=
ac_cv_env_LIBS_set=
ac_cv_env_LIBS_value=
ac_cv_env_build_alias_set=
ac_cv_env_build_alias_value=
ac_cv_env_host_alias_set=
ac_cv_env_host_alias_value=
ac_cv_env_target_alias_set=
ac_cv_env_target_alias_value=
ac_cv_objext=o
ac_cv_path_PKG_CONFIG=/usr/bin/pkg-config
ac_cv_path_install='/usr/bin/install -c'
ac_cv_path_mkdir=/bin/mkdir
ac_cv_prog_AWK=gawk
ac_cv_prog_ac_ct_CC=gcc
ac_cv_prog_cc_c89=
ac_cv_prog_cc_g=yes
ac_cv_prog_cc_gcc_c_o=yes
ac_cv_prog_make_make_set=yes
am_cv_CC_dependencies_compiler_type=gcc3

## ----------------- ##
## Output variables. ##
## ----------------- ##

ACLOCAL='${SHELL} /home/walnut/src/gSTC-ISP/missing --run aclocal-1.10'
AMDEPBACKSLASH='\'
AMDEP_FALSE='#'
AMDEP_TRUE=''
AMTAR='${SHELL} /home/walnut/src/gSTC-ISP/missing --run tar'
AUTOCONF='${SHELL} /home/walnut/src/gSTC-ISP/missing --run autoconf'
AUTOHEADER='${SHELL} /home/walnut/src/gSTC-ISP/missing --run autoheader'
AUTOMAKE='${SHELL} /home/walnut/src/gSTC-ISP/missing --run automake-1.10'
AWK='gawk'
CC='gcc'
CCDEPMODE='depmode=gcc3'
CFLAGS='-g -O2'
CPPFLAGS=''
CYGPATH_W='echo'
DEFS='-DHAVE_CONFIG_H'
DEPDIR='.deps'
ECHO_C=''
ECHO_N='-n'
ECHO_T=''
EXEEXT=''
GTK_CFLAGS='-D_REENTRANT -I/usr/include/gtk-2.0 -I/usr/lib/gtk-2.0/include -I/usr/include/atk-1.0 -I/usr/include/cairo -I/usr/include/pango-1.0 -I/usr/include/glib-2.0 -I/usr/lib/glib-2.0/include -I/usr/include/freetype2 -I/usr/include/directfb -I/usr/include/libpng12 -I/usr/include/pixman-1  '
GTK_LIBS='-lgtk-x11-2.0 -lgdk-x11-2.0 -latk-1.0 -lgdk_pixbuf-2.0 -lm -lpangocairo-1.0 -lpango-1.0 -lcairo -lgobject-2.0 -lgmodule-2.0 -ldl -lglib-2.0  '
INSTALL_DATA='${INSTALL} -m 644'
INSTALL_PROGRAM='${INSTALL}'
INSTALL_SCRIPT='${INSTALL}'
INSTALL_STRIP_PROGRAM='$(install_sh) -c -s'
LDFLAGS=''
LIBOBJS=''
LIBS=''
LTLIBOBJS=''
MAKEINFO='${SHELL} /home/walnut/src/gSTC-ISP/missing --run makeinfo'
OBJEXT='o'
PACKAGE='gSTCISP'
PACKAGE_BUGREPORT=''
PACKAGE_NAME='gSTCISP'
PACKAGE_STRING='gSTCISP 0.1'
PACKAGE_TARNAME='gstcisp'
PACKAGE_VERSION='0.1'
PATH_SEPARATOR=':'
PKG_CONFIG='/usr/bin/pkg-config'
SET_MAKE=''
SHELL='/bin/sh'
STRIP=''
VERSION='0.1'
ac_ct_CC='gcc'
am__fastdepCC_FALSE='#'
am__fastdepCC_TRUE=''
am__include='include'
am__isrc=''
am__leading_dot='.'
am__quote=''
am__tar='${AMTAR} chof - "$$tardir"'
am__untar='${AMTAR} xf -'
bindir='${exec_prefix}/bin'
build_alias=''
datadir='${datarootdir}'
datarootdir='${prefix}/share'
docdir='${datarootdir}/doc/${PACKAGE_TARNAME}'
dvidir='${docdir}'
exec_prefix='${prefix}'
host_alias=''
htmldir='${docdir}'
includedir='${prefix}/include'
infodir='${datarootdir}/info'
install_sh='$(SHELL) /home/walnut/src/gSTC-ISP/install-sh'
libdir='${exec_prefix}/lib'
libexecdir='${exec_prefix}/libexec'
localedir='${datarootdir}/locale'
localstatedir='${prefix}/var'
mandir='${datarootdir}/man'
mkdir_p='/bin/mkdir -p'
oldincludedir='/usr/include'
pdfdir='${docdir}'
prefix='/usr/local'
program_transform_name='s,x,x,'
psdir='${docdir}'
sbindir='${exec_prefix}/sbin'
sharedstatedir='${prefix}/com'
sysconfdir='${prefix}/etc'
target_alias=''

## ----------- ##
## confdefs.h. ##
## ----------- ##

#define PACKAGE_NAME "gSTCISP"
#define PACKAGE_TARNAME "gstcisp"
#define PACKAGE_VERSION "0.1"
#define PACKAGE_STRING "gSTCISP 0.1"
#define PACKAGE_BUGREPORT ""
#define PACKAGE "gSTCISP"
#define VERSION "0.1"

configure: exit 0
